INFO 2025-12-19 22:49:55,154 autoreload 22529 136500799361152 Watching for file changes with StatReloader
INFO 2025-12-19 22:50:16,778 autoreload 22686 129727894179968 Watching for file changes with StatReloader
INFO 2025-12-19 22:50:22,707 log 22686 129727840818880 "GET / HTTP/1.1" 200 6279
WARNING 2025-12-19 22:50:22,866 log 22686 129727840818880 Not Found: /favicon.ico
WARNING 2025-12-19 22:50:22,867 log 22686 129727840818880 "GET /favicon.ico HTTP/1.1" 404 2907
INFO 2025-12-19 22:50:25,434 log 22686 129727840818880 "GET /sales/new/ HTTP/1.1" 200 14133
INFO 2025-12-19 22:50:29,151 log 22686 129727840818880 "GET / HTTP/1.1" 200 6279
INFO 2025-12-19 22:50:32,351 autoreload 22686 129727894179968 /home/aman/noa_beuty/config/settings/local.py changed, reloading.
INFO 2025-12-19 22:50:32,850 autoreload 22998 132046623707264 Watching for file changes with StatReloader
INFO 2025-12-19 22:50:34,672 log 22998 132046570501824 "GET / HTTP/1.1" 200 6279
INFO 2025-12-19 22:50:34,972 log 22998 132046570501824 "GET / HTTP/1.1" 200 6279
INFO 2025-12-19 22:50:35,118 log 22998 132046570501824 "GET / HTTP/1.1" 200 6279
INFO 2025-12-19 22:54:19,635 autoreload 23450 135373634490496 Watching for file changes with StatReloader
INFO 2025-12-19 22:55:35,229 autoreload 23699 128637257289856 Watching for file changes with StatReloader
INFO 2025-12-19 22:55:40,704 log 23699 128637204076224 "GET / HTTP/1.1" 200 6279
INFO 2025-12-19 22:55:46,092 log 23699 128637204076224 "GET /sales/new/ HTTP/1.1" 200 14133
INFO 2025-12-19 22:55:47,925 log 23699 128637204076224 "POST /sales/new/ HTTP/1.1" 302 0
INFO 2025-12-19 22:55:47,938 log 23699 128637204076224 "GET /sales/today/ HTTP/1.1" 200 8410
INFO 2025-12-19 23:15:43,315 autoreload 25034 128824882999424 Watching for file changes with StatReloader
INFO 2025-12-19 23:15:46,720 log 25034 128824830899904 "GET / HTTP/1.1" 200 6279
INFO 2025-12-19 23:15:50,632 log 25034 128824830899904 "GET /sales/new/ HTTP/1.1" 200 14133
INFO 2025-12-19 23:15:54,081 log 25034 128824830899904 "POST /sales/new/ HTTP/1.1" 302 0
INFO 2025-12-19 23:15:54,101 log 25034 128824830899904 "GET /sales/today/ HTTP/1.1" 200 10113
INFO 2025-12-19 23:16:09,999 autoreload 25034 128824882999424 /home/aman/noa_beuty/sales/urls.py changed, reloading.
INFO 2025-12-19 23:16:10,474 autoreload 25197 139675125952640 Watching for file changes with StatReloader
INFO 2025-12-19 23:16:11,601 autoreload 25197 139675125952640 /home/aman/noa_beuty/sales/urls.py changed, reloading.
INFO 2025-12-19 23:16:12,078 autoreload 25210 129783409266816 Watching for file changes with StatReloader
INFO 2025-12-19 23:16:14,216 autoreload 25210 129783409266816 /home/aman/noa_beuty/sales/views.py changed, reloading.
INFO 2025-12-19 23:16:14,691 autoreload 25228 136378802696320 Watching for file changes with StatReloader
INFO 2025-12-19 23:16:22,627 log 25228 136378734864064 "GET / HTTP/1.1" 200 6279
INFO 2025-12-19 23:16:28,412 log 25228 136378734864064 "GET /sales/new/ HTTP/1.1" 200 14133
INFO 2025-12-19 23:16:30,397 log 25228 136378734864064 "POST /sales/new/ HTTP/1.1" 302 0
INFO 2025-12-19 23:16:30,416 log 25228 136378734864064 "GET /sales/today/ HTTP/1.1" 200 11816
INFO 2025-12-19 23:21:41,759 autoreload 25726 126164202791040 Watching for file changes with StatReloader
INFO 2025-12-19 23:21:46,144 log 25726 126164060337856 "GET / HTTP/1.1" 200 6279
INFO 2025-12-19 23:21:51,243 log 25726 126164060337856 "GET /sales/new/ HTTP/1.1" 200 14133
INFO 2025-12-19 23:21:53,086 log 25726 126164060337856 "POST /sales/new/ HTTP/1.1" 302 0
INFO 2025-12-19 23:21:53,106 log 25726 126164060337856 "GET /sales/today/ HTTP/1.1" 200 14293
INFO 2025-12-19 23:21:55,158 log 25726 126164060337856 "GET /sales/print/3/ HTTP/1.1" 302 0
INFO 2025-12-19 23:21:55,176 log 25726 126164060337856 "GET /sales/today/ HTTP/1.1" 200 14293
INFO 2025-12-19 23:22:01,388 log 25726 126164060337856 "GET /sales/print/3/ HTTP/1.1" 302 0
INFO 2025-12-19 23:22:01,406 log 25726 126164060337856 "GET /sales/today/ HTTP/1.1" 200 14293
INFO 2025-12-19 23:22:01,761 log 25726 126164060337856 "GET /sales/print/3/ HTTP/1.1" 302 0
INFO 2025-12-19 23:22:01,790 log 25726 126164060337856 "GET /sales/today/ HTTP/1.1" 200 14293
INFO 2025-12-19 23:22:02,119 log 25726 126164060337856 "GET /sales/print/3/ HTTP/1.1" 302 0
INFO 2025-12-19 23:22:02,137 log 25726 126164060337856 "GET /sales/today/ HTTP/1.1" 200 14293
INFO 2025-12-19 23:22:50,147 log 25726 126164060337856 "GET /sales/print/3/ HTTP/1.1" 302 0
INFO 2025-12-19 23:22:50,165 log 25726 126164060337856 "GET /sales/today/ HTTP/1.1" 200 14293
INFO 2025-12-19 23:22:53,805 log 25726 126164060337856 "GET /sales/print/3/ HTTP/1.1" 302 0
INFO 2025-12-19 23:22:53,823 log 25726 126164060337856 "GET /sales/today/ HTTP/1.1" 200 14293
INFO 2025-12-19 23:29:12,138 autoreload 26336 126200308912256 Watching for file changes with StatReloader
INFO 2025-12-19 23:29:16,889 log 26336 126200241186496 "GET / HTTP/1.1" 200 6279
INFO 2025-12-19 23:29:21,882 log 26336 126200241186496 "GET /sales/new/ HTTP/1.1" 200 14133
INFO 2025-12-19 23:29:23,962 log 26336 126200241186496 "POST /sales/new/ HTTP/1.1" 302 0
INFO 2025-12-19 23:29:23,985 log 26336 126200241186496 "GET /sales/today/ HTTP/1.1" 200 16125
INFO 2025-12-19 23:29:26,118 log 26336 126200241186496 "GET /sales/print/7/ HTTP/1.1" 302 0
INFO 2025-12-19 23:29:26,138 log 26336 126200241186496 "GET /sales/today/ HTTP/1.1" 200 16125
INFO 2025-12-19 23:29:28,634 log 26336 126200241186496 "GET /sales/print/8/ HTTP/1.1" 302 0
INFO 2025-12-19 23:29:28,654 log 26336 126200241186496 "GET /sales/today/ HTTP/1.1" 200 16125
INFO 2025-12-19 23:32:36,153 autoreload 26880 125338124509312 Watching for file changes with StatReloader
INFO 2025-12-19 23:32:41,851 log 26880 125338056705728 "GET / HTTP/1.1" 200 6279
INFO 2025-12-19 23:32:44,879 log 26880 125338056705728 "GET /sales/new/ HTTP/1.1" 200 14133
INFO 2025-12-19 23:32:50,772 log 26880 125338056705728 "POST /sales/new/ HTTP/1.1" 302 0
INFO 2025-12-19 23:32:50,795 log 26880 125338056705728 "GET /sales/today/ HTTP/1.1" 200 17957
INFO 2025-12-19 23:32:52,836 log 26880 125338056705728 "GET /sales/print/8/ HTTP/1.1" 302 0
INFO 2025-12-19 23:32:52,856 log 26880 125338056705728 "GET /sales/today/ HTTP/1.1" 200 17957
INFO 2025-12-19 23:36:47,408 autoreload 28824 137201994911872 Watching for file changes with StatReloader
INFO 2025-12-19 23:37:02,619 autoreload 28999 129250075783296 Watching for file changes with StatReloader
INFO 2025-12-19 23:37:06,841 log 28999 129250008049344 "GET / HTTP/1.1" 200 6279
INFO 2025-12-19 23:37:10,730 log 28999 129250008049344 "GET /sales/new/ HTTP/1.1" 200 14133
INFO 2025-12-19 23:37:12,660 log 28999 129250008049344 "POST /sales/new/ HTTP/1.1" 302 0
INFO 2025-12-19 23:37:12,682 log 28999 129250008049344 "GET /sales/today/ HTTP/1.1" 200 19791
INFO 2025-12-19 23:37:15,310 log 28999 129250008049344 "GET /sales/print/9/ HTTP/1.1" 302 0
INFO 2025-12-19 23:37:15,330 log 28999 129250008049344 "GET /sales/today/ HTTP/1.1" 200 19791
INFO 2025-12-19 23:37:31,048 log 28999 129250008049344 "GET /sales/print/10/ HTTP/1.1" 302 0
INFO 2025-12-19 23:37:31,062 log 28999 129250008049344 "GET /sales/today/ HTTP/1.1" 200 19791
INFO 2025-12-19 23:37:34,381 log 28999 129250008049344 "GET /sales/print/10/ HTTP/1.1" 302 0
INFO 2025-12-19 23:37:34,393 log 28999 129250008049344 "GET /sales/today/ HTTP/1.1" 200 19791
INFO 2025-12-19 23:38:04,225 log 28999 129250008049344 "GET /sales/print/2/ HTTP/1.1" 302 0
INFO 2025-12-19 23:38:04,237 log 28999 129250008049344 "GET /sales/today/ HTTP/1.1" 200 19791
INFO 2025-12-19 23:41:33,484 log 28999 129250008049344 "GET / HTTP/1.1" 200 6279
WARNING 2025-12-19 23:41:34,923 log 28999 129250008049344 Not Found: /inventory/
WARNING 2025-12-19 23:41:34,923 log 28999 129250008049344 "GET /inventory/ HTTP/1.1" 404 3570
INFO 2025-12-19 23:41:43,009 log 28999 129250008049344 "GET /inventory/perfume/ HTTP/1.1" 200 5099
INFO 2025-12-19 23:42:27,148 log 28999 129250008049344 "GET / HTTP/1.1" 200 6279
INFO 2025-12-19 23:43:06,534 autoreload 28999 129250075783296 /home/aman/noa_beuty/inventory/services.py changed, reloading.
INFO 2025-12-19 23:43:06,873 autoreload 29619 140657047666816 Watching for file changes with StatReloader
INFO 2025-12-19 23:44:01,689 autoreload 29619 140657047666816 /home/aman/noa_beuty/sales/views.py changed, reloading.
INFO 2025-12-19 23:44:02,029 autoreload 29741 134708678914176 Watching for file changes with StatReloader
INFO 2025-12-19 23:44:04,378 autoreload 29741 134708678914176 /home/aman/noa_beuty/sales/views.py changed, reloading.
INFO 2025-12-19 23:44:04,874 autoreload 29762 139511995756672 Watching for file changes with StatReloader
INFO 2025-12-19 23:44:10,260 autoreload 29762 139511995756672 /home/aman/noa_beuty/sales/views.py changed, reloading.
INFO 2025-12-19 23:44:10,797 autoreload 29790 134496583753856 Watching for file changes with StatReloader
INFO 2025-12-19 23:44:29,288 autoreload 29790 134496583753856 /home/aman/noa_beuty/finance/views.py changed, reloading.
INFO 2025-12-19 23:44:29,660 autoreload 29831 129233799213184 Watching for file changes with StatReloader
INFO 2025-12-19 23:44:35,059 autoreload 29831 129233799213184 /home/aman/noa_beuty/finance/urls.py changed, reloading.
INFO 2025-12-19 23:44:35,394 autoreload 29865 131251784130688 Watching for file changes with StatReloader
INFO 2025-12-19 23:45:26,186 autoreload 29865 131251784130688 /home/aman/noa_beuty/finance/views.py changed, reloading.
INFO 2025-12-19 23:45:26,533 autoreload 29994 123261855228032 Watching for file changes with StatReloader
INFO 2025-12-19 23:45:30,895 autoreload 29994 123261855228032 /home/aman/noa_beuty/finance/views.py changed, reloading.
INFO 2025-12-19 23:45:31,244 autoreload 30018 134565668462720 Watching for file changes with StatReloader
INFO 2025-12-19 23:45:48,731 autoreload 30018 134565668462720 /home/aman/noa_beuty/sales/views.py changed, reloading.
INFO 2025-12-19 23:45:49,095 autoreload 30068 125014698578048 Watching for file changes with StatReloader
INFO 2025-12-19 23:46:01,545 autoreload 30068 125014698578048 /home/aman/noa_beuty/inventory/models.py changed, reloading.
INFO 2025-12-19 23:46:01,925 autoreload 30113 136023210475648 Watching for file changes with StatReloader
INFO 2025-12-19 23:46:06,306 autoreload 30113 136023210475648 /home/aman/noa_beuty/inventory/models.py changed, reloading.
INFO 2025-12-19 23:46:06,691 autoreload 30143 126252130386048 Watching for file changes with StatReloader
INFO 2025-12-19 23:46:11,121 autoreload 30143 126252130386048 /home/aman/noa_beuty/inventory/models.py changed, reloading.
INFO 2025-12-19 23:46:11,621 autoreload 30167 136982129676416 Watching for file changes with StatReloader
INFO 2025-12-19 23:46:44,271 autoreload 30167 136982129676416 /home/aman/noa_beuty/finance/urls.py changed, reloading.
INFO 2025-12-19 23:46:44,804 autoreload 30262 136119730884736 Watching for file changes with StatReloader
INFO 2025-12-19 23:46:45,346 log 30262 136119593203392 "GET / HTTP/1.1" 200 6279
INFO 2025-12-19 23:46:45,521 log 30262 136119593203392 "GET / HTTP/1.1" 200 6279
INFO 2025-12-19 23:46:45,673 log 30262 136119593203392 "GET / HTTP/1.1" 200 6279
WARNING 2025-12-19 23:46:47,125 log 30262 136119593203392 Not Found: /inventory/
WARNING 2025-12-19 23:46:47,126 log 30262 136119593203392 "GET /inventory/ HTTP/1.1" 404 3570
INFO 2025-12-19 23:46:51,880 autoreload 30377 136358194004096 Watching for file changes with StatReloader
INFO 2025-12-19 23:47:09,045 autoreload 30666 130786530922624 Watching for file changes with StatReloader
INFO 2025-12-19 23:47:10,592 log 30666 130786463049408 "GET / HTTP/1.1" 200 6279
INFO 2025-12-19 23:47:10,892 log 30666 130786463049408 "GET / HTTP/1.1" 200 6279
INFO 2025-12-19 23:47:11,087 log 30666 130786463049408 "GET / HTTP/1.1" 200 6279
INFO 2025-12-19 23:47:11,247 log 30666 130786463049408 "GET / HTTP/1.1" 200 6279
INFO 2025-12-19 23:47:11,390 log 30666 130786463049408 "GET / HTTP/1.1" 200 6279
ERROR 2025-12-19 23:47:13,130 log 30666 130786463049408 Internal Server Error: /sales/new/
Traceback (most recent call last):
  File "/home/aman/noa_beuty/venv/lib/python3.12/site-packages/django/core/handlers/exception.py", line 55, in inner
    response = get_response(request)
               ^^^^^^^^^^^^^^^^^^^^^
  File "/home/aman/noa_beuty/venv/lib/python3.12/site-packages/django/core/handlers/base.py", line 198, in _get_response
    response = wrapped_callback(request, *callback_args, **callback_kwargs)
               ^^^^^^^^^^^^^^^^^^^^^^^^^^^^^^^^^^^^^^^^^^^^^^^^^^^^^^^^^^^^
  File "/home/aman/noa_beuty/sales/views.py", line 40, in sale_create
    bottles = BottleType.objects.all()
              ^^^^^^^^^^
UnboundLocalError: cannot access local variable 'BottleType' where it is not associated with a value
ERROR 2025-12-19 23:47:13,131 log 30666 130786463049408 "GET /sales/new/ HTTP/1.1" 500 78925
INFO 2025-12-19 23:47:41,753 autoreload 30666 130786530922624 /home/aman/noa_beuty/sales/views.py changed, reloading.
INFO 2025-12-19 23:47:42,103 autoreload 30762 133184320446592 Watching for file changes with StatReloader
INFO 2025-12-19 23:47:46,475 autoreload 30762 133184320446592 /home/aman/noa_beuty/sales/views.py changed, reloading.
INFO 2025-12-19 23:47:46,896 autoreload 30786 135580934635648 Watching for file changes with StatReloader
INFO 2025-12-19 23:47:49,265 autoreload 30786 135580934635648 /home/aman/noa_beuty/sales/views.py changed, reloading.
INFO 2025-12-19 23:47:49,569 autoreload 30812 131219038027904 Watching for file changes with StatReloader
INFO 2025-12-19 23:47:51,456 log 30812 131218901300928 "GET /sales/new/ HTTP/1.1" 200 14567
INFO 2025-12-19 23:47:51,876 log 30812 131218901300928 "GET /sales/new/ HTTP/1.1" 200 14567
INFO 2025-12-19 23:47:57,725 log 30812 131218901300928 "GET /sales/new/ HTTP/1.1" 200 14567
INFO 2025-12-19 23:47:58,078 log 30812 131218901300928 "GET /sales/new/ HTTP/1.1" 200 14567
INFO 2025-12-19 23:47:58,244 log 30812 131218901300928 "GET /sales/new/ HTTP/1.1" 200 14567
INFO 2025-12-19 23:47:58,382 log 30812 131218901300928 "GET /sales/new/ HTTP/1.1" 200 14567
INFO 2025-12-19 23:47:58,542 log 30812 131218901300928 "GET /sales/new/ HTTP/1.1" 200 14567
INFO 2025-12-19 23:47:58,699 log 30812 131218901300928 "GET /sales/new/ HTTP/1.1" 200 14567
INFO 2025-12-19 23:48:03,993 log 30812 131218901300928 "GET /sales/new/ HTTP/1.1" 200 14567
INFO 2025-12-19 23:48:04,187 log 30812 131218901300928 "GET /sales/new/ HTTP/1.1" 200 14567
INFO 2025-12-19 23:48:04,348 log 30812 131218901300928 "GET /sales/new/ HTTP/1.1" 200 14567
INFO 2025-12-19 23:48:04,501 log 30812 131218901300928 "GET /sales/new/ HTTP/1.1" 200 14567
INFO 2025-12-19 23:48:04,650 log 30812 131218901300928 "GET /sales/new/ HTTP/1.1" 200 14567
INFO 2025-12-19 23:48:04,803 log 30812 131218901300928 "GET /sales/new/ HTTP/1.1" 200 14567
INFO 2025-12-19 23:48:04,981 log 30812 131218901300928 "GET /sales/new/ HTTP/1.1" 200 14567
INFO 2025-12-19 23:48:05,144 log 30812 131218901300928 "GET /sales/new/ HTTP/1.1" 200 14567
INFO 2025-12-19 23:48:05,296 log 30812 131218901300928 "GET /sales/new/ HTTP/1.1" 200 14567
INFO 2025-12-19 23:48:05,455 log 30812 131218901300928 "GET /sales/new/ HTTP/1.1" 200 14567
INFO 2025-12-19 23:48:09,472 log 30812 131218901300928 "POST /sales/new/ HTTP/1.1" 302 0
INFO 2025-12-19 23:48:09,488 log 30812 131218901300928 "GET /sales/today/ HTTP/1.1" 200 21642
INFO 2025-12-19 23:48:51,854 log 30812 131218901300928 "GET /sales/today/ HTTP/1.1" 200 21642
INFO 2025-12-19 23:48:59,020 log 30812 131218901300928 "GET /admin/ HTTP/1.1" 200 47366
INFO 2025-12-19 23:48:59,099 log 30812 131218876122816 "GET /static/vendor/adminlte/img/AdminLTELogo.png HTTP/1.1" 200 2637
INFO 2025-12-19 23:48:59,100 log 30812 131218884515520 "GET /static/jazzmin/css/main.css HTTP/1.1" 200 16969
INFO 2025-12-19 23:48:59,101 log 30812 131218901300928 "GET /static/vendor/fontawesome-free/css/all.min.css HTTP/1.1" 200 103009
INFO 2025-12-19 23:48:59,101 log 30812 131218859337408 "GET /static/vendor/bootstrap/js/bootstrap.min.js HTTP/1.1" 200 62440
INFO 2025-12-19 23:48:59,102 log 30812 131218867730112 "GET /static/admin/js/vendor/jquery/jquery.js HTTP/1.1" 200 285314
INFO 2025-12-19 23:48:59,105 log 30812 131218892908224 "GET /static/vendor/adminlte/css/adminlte.min.css HTTP/1.1" 200 1382975
INFO 2025-12-19 23:48:59,121 log 30812 131218884515520 "GET /static/jazzmin/js/main.js HTTP/1.1" 200 2391
INFO 2025-12-19 23:48:59,121 log 30812 131218876122816 "GET /static/vendor/adminlte/js/adminlte.min.js HTTP/1.1" 200 44244
INFO 2025-12-19 23:48:59,681 log 30812 131218884515520 "GET /static/vendor/fontawesome-free/webfonts/fa-regular-400.woff2 HTTP/1.1" 200 25392
INFO 2025-12-19 23:48:59,684 log 30812 131218876122816 "GET /static/vendor/fontawesome-free/webfonts/fa-solid-900.woff2 HTTP/1.1" 200 156400
INFO 2025-12-19 23:49:03,524 log 30812 131218876122816 "GET /admin/ HTTP/1.1" 200 38510
INFO 2025-12-19 23:49:07,380 log 30812 131218876122816 "GET /admin/products/bottletype/ HTTP/1.1" 200 21435
INFO 2025-12-19 23:49:07,403 log 30812 131218876122816 "GET /static/vendor/select2/css/select2.min.css HTTP/1.1" 200 16264
INFO 2025-12-19 23:49:07,407 log 30812 131218867730112 "GET /static/admin/js/core.js HTTP/1.1" 200 6208
INFO 2025-12-19 23:49:07,407 log 30812 131218859337408 "GET /static/admin/js/admin/RelatedObjectLookups.js HTTP/1.1" 200 9777
INFO 2025-12-19 23:49:07,408 log 30812 131218901300928 "GET /static/admin/js/actions.js HTTP/1.1" 200 8076
INFO 2025-12-19 23:49:07,409 log 30812 131218892908224 "GET /static/admin/js/jquery.init.js HTTP/1.1" 200 347
INFO 2025-12-19 23:49:07,416 log 30812 131218867730112 "GET /static/admin/js/urlify.js HTTP/1.1" 200 7887
INFO 2025-12-19 23:49:07,418 log 30812 131218892908224 "GET /static/admin/js/prepopulate.js HTTP/1.1" 200 1531
INFO 2025-12-19 23:49:07,419 log 30812 131218884515520 "GET /admin/jsi18n/ HTTP/1.1" 200 16820
INFO 2025-12-19 23:49:07,419 log 30812 131218901300928 "GET /static/vendor/select2/js/select2.min.js HTTP/1.1" 200 73170
INFO 2025-12-19 23:49:07,420 log 30812 131218859337408 "GET /static/admin/js/vendor/xregexp/xregexp.js HTTP/1.1" 200 325171
INFO 2025-12-19 23:49:07,425 log 30812 131218884515520 "GET /static/jazzmin/js/change_list.js HTTP/1.1" 200 2252
INFO 2025-12-19 23:49:09,423 log 30812 131218884515520 "GET /admin/products/bottletype/add/ HTTP/1.1" 200 24914
INFO 2025-12-19 23:49:09,456 log 30812 131218892908224 "GET /static/admin/js/prepopulate_init.js HTTP/1.1" 200 586
INFO 2025-12-19 23:49:09,456 log 30812 131218867730112 "GET /static/admin/js/change_form.js HTTP/1.1" 200 606
INFO 2025-12-19 23:49:09,462 log 30812 131218884515520 "GET /admin/jsi18n/ HTTP/1.1" 200 16820
INFO 2025-12-19 23:49:09,463 log 30812 131218867730112 "GET /static/jazzmin/js/change_form.js HTTP/1.1" 200 6052
INFO 2025-12-19 23:49:17,226 log 30812 131218867730112 "POST /admin/products/bottletype/add/ HTTP/1.1" 302 0
INFO 2025-12-19 23:49:17,248 log 30812 131218867730112 "GET /admin/products/bottletype/ HTTP/1.1" 200 26472
INFO 2025-12-19 23:49:17,309 log 30812 131218884515520 "GET /static/admin/img/icon-no.svg HTTP/1.1" 200 645
INFO 2025-12-19 23:49:17,314 log 30812 131218867730112 "GET /admin/jsi18n/ HTTP/1.1" 200 16820
INFO 2025-12-19 23:49:18,303 log 30812 131218867730112 "GET /admin/products/bottletype/add/ HTTP/1.1" 200 24914
INFO 2025-12-19 23:49:18,343 log 30812 131218867730112 "GET /admin/jsi18n/ HTTP/1.1" 200 16820
INFO 2025-12-19 23:49:25,912 log 30812 131218867730112 "POST /admin/products/bottletype/add/ HTTP/1.1" 302 0
INFO 2025-12-19 23:49:25,941 log 30812 131218867730112 "GET /admin/products/bottletype/ HTTP/1.1" 200 27114
INFO 2025-12-19 23:49:26,004 log 30812 131218867730112 "GET /admin/jsi18n/ HTTP/1.1" 200 16820
INFO 2025-12-19 23:49:27,884 log 30812 131218867730112 "GET /admin/products/bottletype/add/ HTTP/1.1" 200 24914
INFO 2025-12-19 23:49:27,916 log 30812 131218867730112 "GET /admin/jsi18n/ HTTP/1.1" 200 16820
INFO 2025-12-19 23:49:27,927 autoreload 30812 131219038027904 /home/aman/noa_beuty/sales/services/receipt_printer.py changed, reloading.
INFO 2025-12-19 23:49:28,454 autoreload 31104 130623653720192 Watching for file changes with StatReloader
INFO 2025-12-19 23:49:37,015 log 31104 130623511459520 "POST /admin/products/bottletype/add/ HTTP/1.1" 302 0
INFO 2025-12-19 23:49:37,053 log 31104 130623511459520 "GET /admin/products/bottletype/ HTTP/1.1" 200 27767
INFO 2025-12-19 23:49:37,119 log 31104 130623511459520 "GET /admin/jsi18n/ HTTP/1.1" 200 16820
INFO 2025-12-19 23:49:38,933 autoreload 31104 130623653720192 /home/aman/noa_beuty/sales/services/receipt_printer.py changed, reloading.
INFO 2025-12-19 23:49:39,418 autoreload 31153 125457971093632 Watching for file changes with StatReloader
INFO 2025-12-19 23:49:40,330 log 31153 125457904330432 "GET /admin/products/bottletype/2/change/ HTTP/1.1" 200 25636
INFO 2025-12-19 23:49:40,387 log 31153 125457904330432 "GET /admin/jsi18n/ HTTP/1.1" 200 16820
INFO 2025-12-19 23:49:45,453 log 31153 125457904330432 "POST /admin/products/bottletype/2/change/ HTTP/1.1" 302 0
INFO 2025-12-19 23:49:45,484 log 31153 125457904330432 "GET /admin/products/bottletype/ HTTP/1.1" 200 27771
INFO 2025-12-19 23:49:45,549 log 31153 125457904330432 "GET /admin/jsi18n/ HTTP/1.1" 200 16820
INFO 2025-12-19 23:49:47,342 log 31153 125457904330432 "GET /admin/products/bottletype/add/ HTTP/1.1" 200 24914
INFO 2025-12-19 23:49:47,371 log 31153 125457904330432 "GET /admin/jsi18n/ HTTP/1.1" 200 16820
INFO 2025-12-19 23:49:58,550 log 31153 125457904330432 "POST /admin/products/bottletype/add/ HTTP/1.1" 302 0
INFO 2025-12-19 23:49:58,569 log 31153 125457904330432 "GET /admin/products/bottletype/ HTTP/1.1" 200 28400
INFO 2025-12-19 23:49:58,630 log 31153 125457893840576 "GET /static/admin/img/icon-yes.svg HTTP/1.1" 200 558
INFO 2025-12-19 23:49:58,635 log 31153 125457904330432 "GET /admin/jsi18n/ HTTP/1.1" 200 16820
INFO 2025-12-19 23:50:08,657 log 31153 125457904330432 "GET / HTTP/1.1" 200 6279
INFO 2025-12-19 23:50:09,605 log 31153 125457904330432 "GET /sales/new/ HTTP/1.1" 200 15438
INFO 2025-12-19 23:50:26,159 autoreload 31153 125457971093632 /home/aman/noa_beuty/sales/services/receipt_printer.py changed, reloading.
INFO 2025-12-19 23:50:26,659 autoreload 31337 128741116928128 Watching for file changes with StatReloader
INFO 2025-12-19 23:50:28,028 autoreload 31337 128741116928128 /home/aman/noa_beuty/sales/services/receipt_printer.py changed, reloading.
INFO 2025-12-19 23:50:28,395 autoreload 31352 134466399600768 Watching for file changes with StatReloader
INFO 2025-12-19 23:50:38,122 log 31352 134466331813568 "GET /sales/new/ HTTP/1.1" 200 15438
INFO 2025-12-19 23:50:38,393 log 31352 134466331813568 "GET /sales/new/ HTTP/1.1" 200 15438
INFO 2025-12-19 23:50:38,544 log 31352 134466331813568 "GET /sales/new/ HTTP/1.1" 200 15438
INFO 2025-12-19 23:50:38,680 log 31352 134466331813568 "GET /sales/new/ HTTP/1.1" 200 15438
INFO 2025-12-19 23:50:38,824 log 31352 134466331813568 "GET /sales/new/ HTTP/1.1" 200 15438
INFO 2025-12-19 23:50:38,973 log 31352 134466331813568 "GET /sales/new/ HTTP/1.1" 200 15438
INFO 2025-12-19 23:50:39,104 log 31352 134466331813568 "GET /sales/new/ HTTP/1.1" 200 15438
INFO 2025-12-19 23:50:39,265 log 31352 134466331813568 "GET /sales/new/ HTTP/1.1" 200 15438
INFO 2025-12-19 23:50:39,437 log 31352 134466331813568 "GET /sales/new/ HTTP/1.1" 200 15438
INFO 2025-12-19 23:50:39,618 log 31352 134466331813568 "GET /sales/new/ HTTP/1.1" 200 15438
INFO 2025-12-19 23:50:39,777 log 31352 134466331813568 "GET /sales/new/ HTTP/1.1" 200 15438
INFO 2025-12-19 23:50:39,948 log 31352 134466331813568 "GET /sales/new/ HTTP/1.1" 200 15438
INFO 2025-12-19 23:50:50,998 autoreload 31352 134466399600768 /home/aman/noa_beuty/config/settings/base.py changed, reloading.
INFO 2025-12-19 23:50:51,352 autoreload 31447 127541004923008 Watching for file changes with StatReloader
INFO 2025-12-19 23:50:59,031 log 31447 127540865791680 "GET /sales/new/ HTTP/1.1" 200 15438
INFO 2025-12-19 23:50:59,248 log 31447 127540865791680 "GET /sales/new/ HTTP/1.1" 200 15438
INFO 2025-12-19 23:50:59,401 log 31447 127540865791680 "GET /sales/new/ HTTP/1.1" 200 15438
INFO 2025-12-19 23:50:59,558 log 31447 127540865791680 "GET /sales/new/ HTTP/1.1" 200 15438
INFO 2025-12-19 23:50:59,729 log 31447 127540865791680 "GET /sales/new/ HTTP/1.1" 200 15438
INFO 2025-12-19 23:50:59,874 log 31447 127540865791680 "GET /sales/new/ HTTP/1.1" 200 15438
INFO 2025-12-19 23:51:00,050 log 31447 127540865791680 "GET /sales/new/ HTTP/1.1" 200 15438
INFO 2025-12-19 23:51:00,215 log 31447 127540865791680 "GET /sales/new/ HTTP/1.1" 200 15438
INFO 2025-12-19 23:51:00,359 log 31447 127540865791680 "GET /sales/new/ HTTP/1.1" 200 15438
INFO 2025-12-19 23:51:00,514 log 31447 127540865791680 "GET /sales/new/ HTTP/1.1" 200 15438
INFO 2025-12-19 23:51:00,667 log 31447 127540865791680 "GET /sales/new/ HTTP/1.1" 200 15438
INFO 2025-12-19 23:51:00,818 log 31447 127540865791680 "GET /sales/new/ HTTP/1.1" 200 15438
INFO 2025-12-19 23:51:00,952 log 31447 127540865791680 "GET /sales/new/ HTTP/1.1" 200 15438
INFO 2025-12-19 23:51:02,898 log 31447 127540865791680 "GET / HTTP/1.1" 200 6279
INFO 2025-12-19 23:51:03,236 log 31447 127540865791680 "GET / HTTP/1.1" 200 6279
INFO 2025-12-19 23:51:03,405 log 31447 127540865791680 "GET / HTTP/1.1" 200 6279
INFO 2025-12-19 23:51:03,554 log 31447 127540865791680 "GET / HTTP/1.1" 200 6279
INFO 2025-12-19 23:51:03,691 log 31447 127540865791680 "GET / HTTP/1.1" 200 6279
INFO 2025-12-19 23:51:03,846 log 31447 127540865791680 "GET / HTTP/1.1" 200 6279
INFO 2025-12-19 23:51:03,997 log 31447 127540865791680 "GET / HTTP/1.1" 200 6279
WARNING 2025-12-19 23:51:04,219 log 31447 127540865791680 Not Found: /inventory/
WARNING 2025-12-19 23:51:04,220 log 31447 127540865791680 "GET /inventory/ HTTP/1.1" 404 3570
WARNING 2025-12-19 23:51:04,561 log 31447 127540865791680 Not Found: /inventory/
WARNING 2025-12-19 23:51:04,562 log 31447 127540865791680 "GET /inventory/ HTTP/1.1" 404 3570
WARNING 2025-12-19 23:51:04,804 log 31447 127540865791680 Not Found: /inventory/
WARNING 2025-12-19 23:51:04,804 log 31447 127540865791680 "GET /inventory/ HTTP/1.1" 404 3570
WARNING 2025-12-19 23:51:04,967 log 31447 127540865791680 Not Found: /inventory/
WARNING 2025-12-19 23:51:04,967 log 31447 127540865791680 "GET /inventory/ HTTP/1.1" 404 3570
WARNING 2025-12-19 23:51:05,133 log 31447 127540865791680 Not Found: /inventory/
WARNING 2025-12-19 23:51:05,134 log 31447 127540865791680 "GET /inventory/ HTTP/1.1" 404 3570
WARNING 2025-12-19 23:51:05,281 log 31447 127540865791680 Not Found: /inventory/
WARNING 2025-12-19 23:51:05,281 log 31447 127540865791680 "GET /inventory/ HTTP/1.1" 404 3570
INFO 2025-12-19 23:51:10,485 log 31447 127540865791680 "GET /admin/inventory/cosmeticstock/ HTTP/1.1" 200 21042
INFO 2025-12-19 23:51:10,516 log 31447 127540865791680 "GET /admin/jsi18n/ HTTP/1.1" 200 16820
INFO 2025-12-19 23:51:11,822 log 31447 127540865791680 "GET /admin/inventory/cosmeticstock/add/ HTTP/1.1" 200 24169
INFO 2025-12-19 23:51:11,847 log 31447 127540857398976 "GET /static/admin/img/icon-changelink.svg HTTP/1.1" 200 978
INFO 2025-12-19 23:51:11,856 log 31447 127540865791680 "GET /admin/jsi18n/ HTTP/1.1" 200 16820
INFO 2025-12-19 23:51:11,859 log 31447 127540857398976 "GET /static/admin/img/icon-addlink.svg HTTP/1.1" 200 593
INFO 2025-12-19 23:51:11,902 log 31447 127540857398976 "GET /static/admin/img/icon-viewlink.svg HTTP/1.1" 200 928
INFO 2025-12-19 23:51:15,209 log 31447 127540857398976 "GET /admin/inventory/perfumestock/ HTTP/1.1" 200 25973
INFO 2025-12-19 23:51:15,236 log 31447 127540857398976 "GET /admin/jsi18n/ HTTP/1.1" 200 16820
INFO 2025-12-19 23:51:20,044 log 31447 127540857398976 "GET /admin/products/cosmeticproduct/ HTTP/1.1" 200 20967
INFO 2025-12-19 23:51:20,074 log 31447 127540857398976 "GET /admin/jsi18n/ HTTP/1.1" 200 16820
INFO 2025-12-19 23:51:20,587 log 31447 127540857398976 "GET /admin/products/perfume/ HTTP/1.1" 200 25753
INFO 2025-12-19 23:51:20,621 log 31447 127540857398976 "GET /admin/jsi18n/ HTTP/1.1" 200 16820
INFO 2025-12-19 23:51:21,990 log 31447 127540857398976 "GET /admin/products/perfume/add/ HTTP/1.1" 200 28152
INFO 2025-12-19 23:51:22,020 log 31447 127540857398976 "GET /admin/jsi18n/ HTTP/1.1" 200 16820
INFO 2025-12-19 23:51:32,582 log 31447 127540857398976 "POST /admin/products/perfume/add/ HTTP/1.1" 302 0
INFO 2025-12-19 23:51:32,601 log 31447 127540857398976 "GET /admin/products/perfume/ HTTP/1.1" 200 26982
INFO 2025-12-19 23:51:32,671 log 31447 127540857398976 "GET /admin/jsi18n/ HTTP/1.1" 200 16820
INFO 2025-12-19 23:51:34,844 log 31447 127540857398976 "GET /admin/inventory/cosmeticstock/ HTTP/1.1" 200 21042
INFO 2025-12-19 23:51:34,870 log 31447 127540857398976 "GET /admin/jsi18n/ HTTP/1.1" 200 16820
INFO 2025-12-19 23:51:35,978 log 31447 127540857398976 "GET /admin/inventory/bottlestock/ HTTP/1.1" 200 20617
INFO 2025-12-19 23:51:36,005 log 31447 127540857398976 "GET /admin/jsi18n/ HTTP/1.1" 200 16820
INFO 2025-12-19 23:51:36,425 log 31447 127540857398976 "GET /admin/inventory/perfumestock/ HTTP/1.1" 200 25973
INFO 2025-12-19 23:51:36,450 log 31447 127540857398976 "GET /admin/jsi18n/ HTTP/1.1" 200 16820
INFO 2025-12-19 23:51:36,961 log 31447 127540857398976 "GET /admin/inventory/perfumestock/ HTTP/1.1" 200 25973
INFO 2025-12-19 23:51:36,989 log 31447 127540857398976 "GET /admin/jsi18n/ HTTP/1.1" 200 16820
INFO 2025-12-19 23:51:37,347 log 31447 127540857398976 "GET /admin/inventory/perfumestock/ HTTP/1.1" 200 25973
INFO 2025-12-19 23:51:37,374 log 31447 127540857398976 "GET /admin/jsi18n/ HTTP/1.1" 200 16820
INFO 2025-12-19 23:51:37,488 log 31447 127540857398976 "GET /admin/inventory/perfumestock/ HTTP/1.1" 200 25973
INFO 2025-12-19 23:51:37,515 log 31447 127540857398976 "GET /admin/jsi18n/ HTTP/1.1" 200 16820
INFO 2025-12-19 23:51:37,635 log 31447 127540857398976 "GET /admin/inventory/perfumestock/ HTTP/1.1" 200 25973
INFO 2025-12-19 23:51:37,663 log 31447 127540857398976 "GET /admin/jsi18n/ HTTP/1.1" 200 16820
INFO 2025-12-19 23:51:37,791 log 31447 127540857398976 "GET /admin/inventory/perfumestock/ HTTP/1.1" 200 25973
INFO 2025-12-19 23:51:37,822 log 31447 127540857398976 "GET /admin/jsi18n/ HTTP/1.1" 200 16820
INFO 2025-12-19 23:51:37,921 log 31447 127540857398976 "GET /admin/inventory/perfumestock/ HTTP/1.1" 200 25973
INFO 2025-12-19 23:51:37,952 log 31447 127540857398976 "GET /admin/jsi18n/ HTTP/1.1" 200 16820
INFO 2025-12-19 23:51:38,055 log 31447 127540857398976 "GET /admin/inventory/perfumestock/ HTTP/1.1" 200 25973
INFO 2025-12-19 23:51:38,085 log 31447 127540857398976 "GET /admin/jsi18n/ HTTP/1.1" 200 16820
INFO 2025-12-19 23:51:38,210 log 31447 127540857398976 "GET /admin/inventory/perfumestock/ HTTP/1.1" 200 25973
INFO 2025-12-19 23:51:38,230 log 31447 127540857398976 "GET /admin/jsi18n/ HTTP/1.1" 200 16820
INFO 2025-12-19 23:51:38,355 log 31447 127540857398976 "GET /admin/inventory/perfumestock/ HTTP/1.1" 200 25973
INFO 2025-12-19 23:51:38,373 log 31447 127540857398976 "GET /admin/jsi18n/ HTTP/1.1" 200 16820
INFO 2025-12-19 23:51:40,115 log 31447 127540857398976 "GET /admin/inventory/perfumestock/add/ HTTP/1.1" 200 26574
INFO 2025-12-19 23:51:40,148 log 31447 127540857398976 "GET /admin/jsi18n/ HTTP/1.1" 200 16820
INFO 2025-12-19 23:51:51,431 log 31447 127540857398976 "POST /admin/inventory/perfumestock/add/ HTTP/1.1" 302 0
INFO 2025-12-19 23:51:51,455 log 31447 127540857398976 "GET /admin/inventory/perfumestock/ HTTP/1.1" 200 27378
INFO 2025-12-19 23:51:51,523 log 31447 127540857398976 "GET /admin/jsi18n/ HTTP/1.1" 200 16820
INFO 2025-12-19 23:51:54,965 log 31447 127540857398976 "GET /admin/inventory/perfumestock/ HTTP/1.1" 200 26713
INFO 2025-12-19 23:51:54,988 log 31447 127540857398976 "GET /admin/jsi18n/ HTTP/1.1" 200 16820
INFO 2025-12-19 23:51:55,372 log 31447 127540857398976 "GET /admin/inventory/perfumestock/ HTTP/1.1" 200 26713
INFO 2025-12-19 23:51:55,404 log 31447 127540857398976 "GET /admin/jsi18n/ HTTP/1.1" 200 16820
INFO 2025-12-19 23:51:55,582 log 31447 127540857398976 "GET /admin/inventory/perfumestock/ HTTP/1.1" 200 26713
INFO 2025-12-19 23:51:55,610 log 31447 127540857398976 "GET /admin/jsi18n/ HTTP/1.1" 200 16820
INFO 2025-12-19 23:51:55,754 log 31447 127540857398976 "GET /admin/inventory/perfumestock/ HTTP/1.1" 200 26713
INFO 2025-12-19 23:51:55,781 log 31447 127540857398976 "GET /admin/jsi18n/ HTTP/1.1" 200 16820
INFO 2025-12-19 23:51:55,909 log 31447 127540857398976 "GET /admin/inventory/perfumestock/ HTTP/1.1" 200 26713
INFO 2025-12-19 23:51:55,936 log 31447 127540857398976 "GET /admin/jsi18n/ HTTP/1.1" 200 16820
INFO 2025-12-19 23:51:56,060 log 31447 127540857398976 "GET /admin/inventory/perfumestock/ HTTP/1.1" 200 26713
INFO 2025-12-19 23:51:56,092 log 31447 127540857398976 "GET /admin/jsi18n/ HTTP/1.1" 200 16820
INFO 2025-12-19 23:51:56,213 log 31447 127540857398976 "GET /admin/inventory/perfumestock/ HTTP/1.1" 200 26713
INFO 2025-12-19 23:51:56,252 log 31447 127540857398976 "GET /admin/jsi18n/ HTTP/1.1" 200 16820
INFO 2025-12-19 23:51:56,373 log 31447 127540857398976 "GET /admin/inventory/perfumestock/ HTTP/1.1" 200 26713
INFO 2025-12-19 23:51:56,410 log 31447 127540857398976 "GET /admin/jsi18n/ HTTP/1.1" 200 16820
INFO 2025-12-19 23:51:56,540 log 31447 127540857398976 "GET /admin/inventory/perfumestock/ HTTP/1.1" 200 26713
INFO 2025-12-19 23:51:56,562 log 31447 127540857398976 "GET /admin/jsi18n/ HTTP/1.1" 200 16820
INFO 2025-12-19 23:51:56,699 log 31447 127540857398976 "GET /admin/inventory/perfumestock/ HTTP/1.1" 200 26713
INFO 2025-12-19 23:51:56,727 log 31447 127540857398976 "GET /admin/jsi18n/ HTTP/1.1" 200 16820
INFO 2025-12-19 23:51:56,877 log 31447 127540857398976 "GET /admin/inventory/perfumestock/ HTTP/1.1" 200 26713
INFO 2025-12-19 23:51:56,894 log 31447 127540857398976 "GET /admin/jsi18n/ HTTP/1.1" 200 16820
INFO 2025-12-19 23:51:57,079 log 31447 127540857398976 "GET /admin/inventory/perfumestock/ HTTP/1.1" 200 26713
INFO 2025-12-19 23:51:57,095 log 31447 127540857398976 "GET /admin/jsi18n/ HTTP/1.1" 200 16820
INFO 2025-12-19 23:51:57,277 log 31447 127540857398976 "GET /admin/inventory/perfumestock/ HTTP/1.1" 200 26713
INFO 2025-12-19 23:51:57,294 log 31447 127540857398976 "GET /admin/jsi18n/ HTTP/1.1" 200 16820
INFO 2025-12-19 23:51:57,484 log 31447 127540857398976 "GET /admin/inventory/perfumestock/ HTTP/1.1" 200 26713
INFO 2025-12-19 23:51:57,501 log 31447 127540857398976 "GET /admin/jsi18n/ HTTP/1.1" 200 16820
WARNING 2025-12-19 23:51:58,510 log 31447 127540857398976 Not Found: /inventory/
WARNING 2025-12-19 23:51:58,511 log 31447 127540857398976 "GET /inventory/ HTTP/1.1" 404 3570
INFO 2025-12-19 23:52:01,640 log 31447 127540857398976 "GET / HTTP/1.1" 200 6279
INFO 2025-12-19 23:52:03,116 log 31447 127540857398976 "GET /sales/new/ HTTP/1.1" 200 15666
INFO 2025-12-19 23:52:08,342 log 31447 127540857398976 "POST /sales/new/ HTTP/1.1" 302 0
INFO 2025-12-19 23:52:08,358 log 31447 127540857398976 "GET /sales/today/ HTTP/1.1" 200 23684
INFO 2025-12-19 23:52:09,457 log 31447 127540857398976 "GET /admin/inventory/perfumestock/ HTTP/1.1" 200 27227
INFO 2025-12-19 23:52:09,483 log 31447 127540857398976 "GET /admin/jsi18n/ HTTP/1.1" 200 16820
INFO 2025-12-19 23:52:09,841 log 31447 127540857398976 "GET /admin/inventory/perfumestock/ HTTP/1.1" 200 26711
INFO 2025-12-19 23:52:09,870 log 31447 127540857398976 "GET /admin/jsi18n/ HTTP/1.1" 200 16820
INFO 2025-12-19 23:52:10,084 log 31447 127540857398976 "GET /admin/inventory/perfumestock/ HTTP/1.1" 200 26711
INFO 2025-12-19 23:52:10,111 log 31447 127540857398976 "GET /admin/jsi18n/ HTTP/1.1" 200 16820
INFO 2025-12-19 23:52:10,279 log 31447 127540857398976 "GET /admin/inventory/perfumestock/ HTTP/1.1" 200 26711
INFO 2025-12-19 23:52:10,307 log 31447 127540857398976 "GET /admin/jsi18n/ HTTP/1.1" 200 16820
INFO 2025-12-19 23:52:10,471 log 31447 127540857398976 "GET /admin/inventory/perfumestock/ HTTP/1.1" 200 26711
INFO 2025-12-19 23:52:10,496 log 31447 127540857398976 "GET /admin/jsi18n/ HTTP/1.1" 200 16820
INFO 2025-12-19 23:52:15,478 log 31447 127540857398976 "GET /sales/new/ HTTP/1.1" 200 15666
INFO 2025-12-19 23:52:34,177 log 31447 127540857398976 "POST /sales/new/ HTTP/1.1" 302 0
INFO 2025-12-19 23:52:34,192 log 31447 127540857398976 "GET /sales/today/ HTTP/1.1" 200 26357
INFO 2025-12-19 23:52:35,837 log 31447 127540857398976 "GET /admin/inventory/perfumestock/ HTTP/1.1" 200 27225
INFO 2025-12-19 23:52:35,868 log 31447 127540857398976 "GET /admin/jsi18n/ HTTP/1.1" 200 16820
INFO 2025-12-19 23:52:36,640 log 31447 127540857398976 "GET /admin/inventory/perfumestock/ HTTP/1.1" 200 26709
INFO 2025-12-19 23:52:36,666 log 31447 127540857398976 "GET /admin/jsi18n/ HTTP/1.1" 200 16820
INFO 2025-12-19 23:52:38,999 log 31447 127540857398976 "GET /sales/today/ HTTP/1.1" 200 26357
INFO 2025-12-19 23:52:45,910 log 31447 127540857398976 "GET / HTTP/1.1" 200 6279
INFO 2025-12-19 23:52:46,696 log 31447 127540857398976 "GET /admin/inventory/perfumestock/ HTTP/1.1" 200 26709
INFO 2025-12-19 23:52:46,721 log 31447 127540857398976 "GET /admin/jsi18n/ HTTP/1.1" 200 16820
INFO 2025-12-19 23:52:49,023 log 31447 127540857398976 "GET /admin/products/bottletype/ HTTP/1.1" 200 27799
INFO 2025-12-19 23:52:49,050 log 31447 127540857398976 "GET /admin/jsi18n/ HTTP/1.1" 200 16820
INFO 2025-12-19 23:52:49,359 log 31447 127540857398976 "GET /admin/products/bottletype/ HTTP/1.1" 200 27799
INFO 2025-12-19 23:52:49,393 log 31447 127540857398976 "GET /admin/jsi18n/ HTTP/1.1" 200 16820
INFO 2025-12-19 23:52:49,548 log 31447 127540857398976 "GET /admin/products/bottletype/ HTTP/1.1" 200 27799
INFO 2025-12-19 23:52:49,577 log 31447 127540857398976 "GET /admin/jsi18n/ HTTP/1.1" 200 16820
INFO 2025-12-19 23:52:49,729 log 31447 127540857398976 "GET /admin/products/bottletype/ HTTP/1.1" 200 27799
INFO 2025-12-19 23:52:49,761 log 31447 127540857398976 "GET /admin/jsi18n/ HTTP/1.1" 200 16820
INFO 2025-12-19 23:52:51,222 log 31447 127540857398976 "GET /admin/products/perfume/ HTTP/1.1" 200 26391
INFO 2025-12-19 23:52:51,257 log 31447 127540857398976 "GET /admin/jsi18n/ HTTP/1.1" 200 16820
INFO 2025-12-19 23:52:51,497 log 31447 127540857398976 "GET /admin/products/perfume/ HTTP/1.1" 200 26391
INFO 2025-12-19 23:52:51,524 log 31447 127540857398976 "GET /admin/jsi18n/ HTTP/1.1" 200 16820
INFO 2025-12-19 23:52:51,694 log 31447 127540857398976 "GET /admin/products/perfume/ HTTP/1.1" 200 26391
INFO 2025-12-19 23:52:51,724 log 31447 127540857398976 "GET /admin/jsi18n/ HTTP/1.1" 200 16820
INFO 2025-12-19 23:52:51,872 log 31447 127540857398976 "GET /admin/products/perfume/ HTTP/1.1" 200 26391
INFO 2025-12-19 23:52:51,906 log 31447 127540857398976 "GET /admin/jsi18n/ HTTP/1.1" 200 16820
INFO 2025-12-19 23:52:52,139 log 31447 127540857398976 "GET /admin/products/cosmeticproduct/ HTTP/1.1" 200 20967
INFO 2025-12-19 23:52:52,158 log 31447 127540857398976 "GET /admin/jsi18n/ HTTP/1.1" 200 16820
INFO 2025-12-19 23:52:52,280 log 31447 127540857398976 "GET /admin/products/cosmeticproduct/ HTTP/1.1" 200 20967
INFO 2025-12-19 23:52:52,298 log 31447 127540857398976 "GET /admin/jsi18n/ HTTP/1.1" 200 16820
INFO 2025-12-19 23:52:52,481 log 31447 127540857398976 "GET /admin/products/cosmeticproduct/ HTTP/1.1" 200 20967
INFO 2025-12-19 23:52:52,498 log 31447 127540857398976 "GET /admin/jsi18n/ HTTP/1.1" 200 16820
INFO 2025-12-19 23:52:52,970 log 31447 127540857398976 "GET /admin/products/brand/ HTTP/1.1" 200 23957
INFO 2025-12-19 23:52:52,993 log 31447 127540857398976 "GET /admin/jsi18n/ HTTP/1.1" 200 16820
INFO 2025-12-19 23:52:53,125 log 31447 127540857398976 "GET /admin/products/brand/ HTTP/1.1" 200 23957
INFO 2025-12-19 23:52:53,143 log 31447 127540857398976 "GET /admin/jsi18n/ HTTP/1.1" 200 16820
INFO 2025-12-19 23:52:53,284 log 31447 127540857398976 "GET /admin/products/brand/ HTTP/1.1" 200 23957
INFO 2025-12-19 23:52:53,303 log 31447 127540857398976 "GET /admin/jsi18n/ HTTP/1.1" 200 16820
INFO 2025-12-19 23:52:53,450 log 31447 127540857398976 "GET /admin/products/brand/ HTTP/1.1" 200 23957
INFO 2025-12-19 23:52:53,468 log 31447 127540857398976 "GET /admin/jsi18n/ HTTP/1.1" 200 16820
INFO 2025-12-19 23:52:54,134 log 31447 127540857398976 "GET /admin/products/perfume/ HTTP/1.1" 200 26391
INFO 2025-12-19 23:52:54,159 log 31447 127540857398976 "GET /admin/jsi18n/ HTTP/1.1" 200 16820
INFO 2025-12-19 23:52:54,514 log 31447 127540857398976 "GET /admin/products/bottletype/ HTTP/1.1" 200 27799
INFO 2025-12-19 23:52:54,531 log 31447 127540857398976 "GET /admin/jsi18n/ HTTP/1.1" 200 16820
INFO 2025-12-19 23:52:54,664 log 31447 127540857398976 "GET /admin/products/bottletype/ HTTP/1.1" 200 27799
INFO 2025-12-19 23:52:54,683 log 31447 127540857398976 "GET /admin/jsi18n/ HTTP/1.1" 200 16820
INFO 2025-12-19 23:52:54,988 log 31447 127540857398976 "GET /admin/products/bottletype/ HTTP/1.1" 200 27799
INFO 2025-12-19 23:52:55,011 log 31447 127540857398976 "GET /admin/jsi18n/ HTTP/1.1" 200 16820
INFO 2025-12-28 06:09:54,293 autoreload 2034 131805053051008 Watching for file changes with StatReloader
INFO 2025-12-28 06:09:58,784 log 2034 131804992480960 "GET / HTTP/1.1" 200 6422
WARNING 2025-12-28 06:09:59,336 log 2034 131804992480960 Not Found: /favicon.ico
WARNING 2025-12-28 06:09:59,336 log 2034 131804992480960 "GET /favicon.ico HTTP/1.1" 404 2907
INFO 2025-12-28 06:10:00,433 log 2034 131804992480960 "GET /inventory/ HTTP/1.1" 200 1745
INFO 2025-12-28 06:10:01,392 log 2034 131804992480960 "GET /inventory/split/ HTTP/1.1" 200 7120
INFO 2025-12-28 06:10:26,414 autoreload 2034 131805053051008 /home/aman/noa_beuty/inventory/views.py changed, reloading.
INFO 2025-12-28 06:10:26,904 autoreload 2163 138249424437376 Watching for file changes with StatReloader
INFO 2025-12-28 06:10:32,127 autoreload 2163 138249424437376 /home/aman/noa_beuty/finance/views.py changed, reloading.
INFO 2025-12-28 06:10:32,387 autoreload 2211 139952669036672 Watching for file changes with StatReloader
INFO 2025-12-28 06:18:36,230 autoreload 2795 138538528292992 Watching for file changes with StatReloader
INFO 2025-12-28 06:18:38,929 log 2795 138538397988544 "GET /inventory/ HTTP/1.1" 200 1745
INFO 2025-12-28 06:18:39,403 log 2795 138538397988544 "GET /inventory/ HTTP/1.1" 200 1745
WARNING 2025-12-28 06:18:42,950 log 2795 138538397988544 Not Found: /i
WARNING 2025-12-28 06:18:42,950 log 2795 138538397988544 "GET /i HTTP/1.1" 404 2877
INFO 2025-12-28 06:18:44,931 log 2795 138538397988544 "GET / HTTP/1.1" 200 6422
INFO 2025-12-28 06:18:48,119 log 2795 138538397988544 "GET /sales/new/ HTTP/1.1" 200 19140
INFO 2025-12-28 06:19:35,799 log 2795 138538397988544 "GET / HTTP/1.1" 200 6422
INFO 2025-12-28 06:19:36,716 log 2795 138538397988544 "GET /sales/new/ HTTP/1.1" 200 19140
INFO 2025-12-28 06:19:55,235 log 2795 138538397988544 "GET / HTTP/1.1" 200 6422
INFO 2025-12-28 06:20:29,302 autoreload 2795 138538528292992 /home/aman/noa_beuty/inventory/filters.py changed, reloading.
INFO 2025-12-28 06:20:29,582 autoreload 2973 130235863699584 Watching for file changes with StatReloader
INFO 2025-12-28 06:20:32,766 autoreload 2973 130235863699584 /home/aman/noa_beuty/inventory/filters.py changed, reloading.
INFO 2025-12-28 06:20:33,009 autoreload 3023 131686502793344 Watching for file changes with StatReloader
INFO 2025-12-28 06:20:34,851 autoreload 3023 131686502793344 /home/aman/noa_beuty/inventory/views.py changed, reloading.
INFO 2025-12-28 06:20:35,106 autoreload 3025 130555199189120 Watching for file changes with StatReloader
INFO 2025-12-28 06:20:36,277 autoreload 3025 130555199189120 /home/aman/noa_beuty/inventory/views.py changed, reloading.
INFO 2025-12-28 06:20:36,527 autoreload 3038 133429830959232 Watching for file changes with StatReloader
INFO 2025-12-28 06:20:37,653 autoreload 3038 133429830959232 /home/aman/noa_beuty/inventory/urls.py changed, reloading.
INFO 2025-12-28 06:20:37,919 autoreload 3047 127241444868224 Watching for file changes with StatReloader
INFO 2025-12-28 06:20:46,127 autoreload 3047 127241444868224 /home/aman/noa_beuty/inventory/filters.py changed, reloading.
INFO 2025-12-28 06:20:46,387 autoreload 3104 131664496873600 Watching for file changes with StatReloader
INFO 2025-12-28 06:20:49,562 autoreload 3104 131664496873600 /home/aman/noa_beuty/inventory/filters.py changed, reloading.
INFO 2025-12-28 06:20:49,804 autoreload 3124 133069111435392 Watching for file changes with StatReloader
INFO 2025-12-28 06:20:57,993 autoreload 3124 133069111435392 /home/aman/noa_beuty/inventory/urls.py changed, reloading.
INFO 2025-12-28 06:20:58,220 autoreload 3153 138249096421504 Watching for file changes with StatReloader
INFO 2025-12-28 06:21:02,832 log 3153 138249036129984 "GET / HTTP/1.1" 200 6422
INFO 2025-12-28 06:21:03,757 log 3153 138249036129984 "GET /sales/today/ HTTP/1.1" 200 4995
INFO 2025-12-28 06:21:04,952 log 3153 138249036129984 "GET / HTTP/1.1" 200 6422
INFO 2025-12-28 06:21:05,527 log 3153 138249036129984 "GET /inventory/ HTTP/1.1" 200 1745
INFO 2025-12-28 06:21:06,002 log 3153 138249036129984 "GET /inventory/split/ HTTP/1.1" 200 9498
INFO 2025-12-28 06:21:12,450 log 3153 138249036129984 "GET /inventory/split/?perfume=2&brand=&perfume_name=&date_from=&date_to=&ml_min=&ml_max=&bottle_type= HTTP/1.1" 200 6971
INFO 2025-12-28 06:21:29,256 log 3153 138249036129984 "GET / HTTP/1.1" 200 6422
INFO 2025-12-28 06:21:30,253 log 3153 138249036129984 "GET /sales/new/ HTTP/1.1" 200 19140
INFO 2025-12-28 06:23:38,025 log 3153 138249036129984 "GET /sales/new/ HTTP/1.1" 200 25900
INFO 2025-12-28 06:24:44,743 log 3153 138249036129984 "GET /admin/ HTTP/1.1" 302 0
INFO 2025-12-28 06:24:44,761 log 3153 138249036129984 "GET /admin/login/?next=/admin/ HTTP/1.1" 200 3160
INFO 2025-12-28 06:24:44,836 log 3153 138248932280000 "GET /static/vendor/adminlte/img/AdminLTELogo.png HTTP/1.1" 200 2637
INFO 2025-12-28 06:24:44,836 log 3153 138248949065408 "GET /static/jazzmin/css/main.css HTTP/1.1" 200 16969
INFO 2025-12-28 06:24:44,840 log 3153 138248940672704 "GET /static/vendor/bootstrap/js/bootstrap.min.js HTTP/1.1" 200 62440
INFO 2025-12-28 06:24:44,842 log 3153 138249036129984 "GET /static/vendor/fontawesome-free/css/all.min.css HTTP/1.1" 200 103009
INFO 2025-12-28 06:24:44,844 log 3153 138248932280000 "GET /static/vendor/adminlte/js/adminlte.min.js HTTP/1.1" 200 44244
INFO 2025-12-28 06:24:44,846 log 3153 138248923887296 "GET /static/admin/js/vendor/jquery/jquery.js HTTP/1.1" 200 285314
INFO 2025-12-28 06:24:44,849 log 3153 138248957458112 "GET /static/vendor/adminlte/css/adminlte.min.css HTTP/1.1" 200 1382975
INFO 2025-12-28 06:24:45,060 log 3153 138248932280000 "GET /static/vendor/fontawesome-free/webfonts/fa-solid-900.woff2 HTTP/1.1" 200 156400
INFO 2025-12-28 06:24:48,194 log 3153 138248932280000 "POST /admin/login/?next=/admin/ HTTP/1.1" 302 0
INFO 2025-12-28 06:24:48,229 log 3153 138248932280000 "GET /admin/ HTTP/1.1" 200 45533
INFO 2025-12-28 06:24:48,296 log 3153 138248932280000 "GET /static/jazzmin/js/main.js HTTP/1.1" 200 2391
INFO 2025-12-28 06:24:48,325 log 3153 138249036129984 "GET /static/vendor/fontawesome-free/webfonts/fa-regular-400.woff2 HTTP/1.1" 200 25392
INFO 2025-12-28 06:24:53,733 log 3153 138248932280000 "GET /admin/sales/paymentmethod/ HTTP/1.1" 200 21137
INFO 2025-12-28 06:24:53,763 log 3153 138248932280000 "GET /static/vendor/select2/css/select2.min.css HTTP/1.1" 200 16264
INFO 2025-12-28 06:24:53,765 log 3153 138248957458112 "GET /static/admin/js/jquery.init.js HTTP/1.1" 200 347
INFO 2025-12-28 06:24:53,768 log 3153 138248923887296 "GET /static/admin/js/core.js HTTP/1.1" 200 6208
INFO 2025-12-28 06:24:53,768 log 3153 138248949065408 "GET /static/admin/js/actions.js HTTP/1.1" 200 8076
INFO 2025-12-28 06:24:53,773 log 3153 138248957458112 "GET /static/admin/js/urlify.js HTTP/1.1" 200 7887
INFO 2025-12-28 06:24:53,773 log 3153 138248940672704 "GET /static/admin/js/admin/RelatedObjectLookups.js HTTP/1.1" 200 9777
INFO 2025-12-28 06:24:53,777 log 3153 138248949065408 "GET /static/admin/js/prepopulate.js HTTP/1.1" 200 1531
INFO 2025-12-28 06:24:53,780 log 3153 138248923887296 "GET /static/admin/js/vendor/xregexp/xregexp.js HTTP/1.1" 200 325171
INFO 2025-12-28 06:24:53,783 log 3153 138248940672704 "GET /static/vendor/select2/js/select2.min.js HTTP/1.1" 200 73170
INFO 2025-12-28 06:24:53,796 log 3153 138249036129984 "GET /admin/jsi18n/ HTTP/1.1" 200 16820
INFO 2025-12-28 06:24:53,842 log 3153 138248949065408 "GET /static/jazzmin/js/change_list.js HTTP/1.1" 200 2252
INFO 2025-12-28 06:24:55,247 log 3153 138248949065408 "GET /admin/sales/paymentmethod/add/ HTTP/1.1" 200 24078
INFO 2025-12-28 06:24:55,269 log 3153 138248932280000 "GET /static/admin/js/prepopulate_init.js HTTP/1.1" 200 586
INFO 2025-12-28 06:24:55,270 log 3153 138248957458112 "GET /static/admin/js/change_form.js HTTP/1.1" 200 606
INFO 2025-12-28 06:24:55,274 log 3153 138248957458112 "GET /static/jazzmin/js/change_form.js HTTP/1.1" 200 6052
INFO 2025-12-28 06:24:55,290 log 3153 138248949065408 "GET /admin/jsi18n/ HTTP/1.1" 200 16820
INFO 2025-12-28 06:25:00,245 log 3153 138248949065408 "POST /admin/sales/paymentmethod/add/ HTTP/1.1" 302 0
INFO 2025-12-28 06:25:00,272 log 3153 138248949065408 "GET /admin/sales/paymentmethod/ HTTP/1.1" 200 24413
INFO 2025-12-28 06:25:00,351 log 3153 138248949065408 "GET /admin/jsi18n/ HTTP/1.1" 200 16820
INFO 2025-12-28 06:25:03,976 log 3153 138248949065408 "GET / HTTP/1.1" 200 6422
INFO 2025-12-28 06:25:05,037 log 3153 138248949065408 "GET /sales/new/ HTTP/1.1" 200 25979
INFO 2025-12-28 06:25:28,363 log 3153 138248949065408 "POST /sales/new/ HTTP/1.1" 302 0
INFO 2025-12-28 06:25:28,383 log 3153 138248949065408 "GET /sales/today/ HTTP/1.1" 200 7855
INFO 2025-12-28 06:25:53,419 log 3153 138248949065408 "GET / HTTP/1.1" 200 6422
INFO 2025-12-28 06:25:54,247 log 3153 138248949065408 "GET /inventory/ HTTP/1.1" 200 1745
INFO 2025-12-28 06:25:54,908 log 3153 138248949065408 "GET /inventory/perfume/ HTTP/1.1" 200 5423
INFO 2025-12-28 06:25:56,875 log 3153 138248949065408 "GET / HTTP/1.1" 200 6422
INFO 2025-12-28 06:25:57,782 log 3153 138248949065408 "GET /sales/today/ HTTP/1.1" 200 7855
INFO 2025-12-28 06:26:41,973 autoreload 3153 138249096421504 /home/aman/noa_beuty/sales/views.py changed, reloading.
INFO 2025-12-28 06:26:42,439 autoreload 3591 132250127970432 Watching for file changes with StatReloader
INFO 2025-12-28 06:26:47,657 autoreload 3591 132250127970432 /home/aman/noa_beuty/sales/views.py changed, reloading.
INFO 2025-12-28 06:26:47,868 autoreload 3633 131321237975168 Watching for file changes with StatReloader
INFO 2025-12-28 06:26:56,378 log 3633 131321108100800 "GET /sales/today/ HTTP/1.1" 200 8240
INFO 2025-12-28 06:34:37,542 autoreload 4644 123991228305536 Watching for file changes with StatReloader
INFO 2025-12-28 06:34:38,708 log 4644 123991168091840 "GET / HTTP/1.1" 200 6422
INFO 2025-12-28 06:35:27,236 log 4644 123991168091840 "GET / HTTP/1.1" 200 6436
INFO 2025-12-28 06:35:28,280 log 4644 123991168091840 "GET /inventory/ HTTP/1.1" 200 1745
INFO 2025-12-28 06:35:29,365 log 4644 123991168091840 "GET /inventory/split/ HTTP/1.1" 200 9811
INFO 2025-12-28 06:36:44,565 log 4644 123991168091840 "GET /inventory/split/ HTTP/1.1" 200 9811
INFO 2025-12-28 06:36:45,325 log 4644 123991168091840 "GET /inventory/split/ HTTP/1.1" 200 9811
INFO 2025-12-28 06:36:46,298 log 4644 123991168091840 "GET / HTTP/1.1" 200 6436
INFO 2025-12-28 06:36:47,170 log 4644 123991168091840 "GET /inventory/ HTTP/1.1" 200 1745
INFO 2025-12-28 06:36:49,375 log 4644 123991168091840 "GET /inventory/bottle/ HTTP/1.1" 200 4691
INFO 2025-12-28 06:36:51,671 log 4644 123991168091840 "GET / HTTP/1.1" 200 6436
INFO 2025-12-28 06:36:52,025 log 4644 123991168091840 "GET /inventory/ HTTP/1.1" 200 1745
INFO 2025-12-28 06:36:52,676 log 4644 123991168091840 "GET /inventory/perfume/ HTTP/1.1" 200 5423
INFO 2025-12-28 06:36:54,158 log 4644 123991168091840 "GET / HTTP/1.1" 200 6436
INFO 2025-12-28 06:36:55,345 log 4644 123991168091840 "GET /inventory/ HTTP/1.1" 200 1745
INFO 2025-12-28 06:36:56,631 log 4644 123991168091840 "GET /inventory/cosmetic/ HTTP/1.1" 200 4603
INFO 2025-12-28 06:36:57,437 log 4644 123991168091840 "GET / HTTP/1.1" 200 6436
INFO 2025-12-28 06:36:57,771 log 4644 123991168091840 "GET /inventory/ HTTP/1.1" 200 1745
INFO 2025-12-28 06:36:58,334 log 4644 123991168091840 "GET /inventory/perfume/ HTTP/1.1" 200 5423
INFO 2025-12-28 06:37:47,695 autoreload 4644 123991228305536 /home/aman/noa_beuty/inventory/filters.py changed, reloading.
INFO 2025-12-28 06:37:47,976 autoreload 5002 138676688912512 Watching for file changes with StatReloader
INFO 2025-12-28 06:37:49,129 autoreload 5002 138676688912512 /home/aman/noa_beuty/products/models.py changed, reloading.
INFO 2025-12-28 06:37:49,358 autoreload 5018 140595811192960 Watching for file changes with StatReloader
INFO 2025-12-28 06:37:50,513 autoreload 5018 140595811192960 /home/aman/noa_beuty/sales/models.py changed, reloading.
INFO 2025-12-28 06:37:50,782 autoreload 5041 128768475058304 Watching for file changes with StatReloader
INFO 2025-12-28 06:37:58,987 autoreload 5041 128768475058304 /home/aman/noa_beuty/sales/models.py changed, reloading.
INFO 2025-12-28 06:37:59,212 autoreload 5108 136224484171904 Watching for file changes with StatReloader
INFO 2025-12-29 16:48:32,066 autoreload 959 135836382285952 Watching for file changes with StatReloader
INFO 2025-12-29 16:48:37,128 log 959 135836253288128 "GET / HTTP/1.1" 200 6436
WARNING 2025-12-29 16:48:37,543 log 959 135836253288128 Not Found: /favicon.ico
WARNING 2025-12-29 16:48:37,543 log 959 135836253288128 "GET /favicon.ico HTTP/1.1" 404 2907
INFO 2025-12-29 16:48:46,962 log 959 135836253288128 "GET /admin/ HTTP/1.1" 302 0
INFO 2025-12-29 16:48:46,975 log 959 135836253288128 "GET /admin/login/?next=/admin/ HTTP/1.1" 200 3160
INFO 2025-12-29 16:48:47,057 log 959 135836234405568 "GET /static/jazzmin/css/main.css HTTP/1.1" 200 16969
INFO 2025-12-29 16:48:47,058 log 959 135836209227456 "GET /static/vendor/adminlte/img/AdminLTELogo.png HTTP/1.1" 304 0
INFO 2025-12-29 16:48:47,061 log 959 135836217620160 "GET /static/vendor/bootstrap/js/bootstrap.min.js HTTP/1.1" 200 62440
INFO 2025-12-29 16:48:47,062 log 959 135836253288128 "GET /static/vendor/fontawesome-free/css/all.min.css HTTP/1.1" 200 103009
INFO 2025-12-29 16:48:47,063 log 959 135836226012864 "GET /static/admin/js/vendor/jquery/jquery.js HTTP/1.1" 200 285314
INFO 2025-12-29 16:48:47,067 log 959 135836234405568 "GET /static/vendor/adminlte/js/adminlte.min.js HTTP/1.1" 200 44244
INFO 2025-12-29 16:48:47,071 log 959 135836244895424 "GET /static/vendor/adminlte/css/adminlte.min.css HTTP/1.1" 200 1382975
INFO 2025-12-29 16:48:47,127 log 959 135836234405568 "GET /static/vendor/fontawesome-free/webfonts/fa-solid-900.woff2 HTTP/1.1" 200 156400
INFO 2025-12-29 16:48:51,772 log 959 135836234405568 "POST /admin/login/?next=/admin/ HTTP/1.1" 302 0
INFO 2025-12-29 16:48:51,817 log 959 135836234405568 "GET /admin/ HTTP/1.1" 200 45508
INFO 2025-12-29 16:48:51,878 log 959 135836234405568 "GET /static/jazzmin/js/main.js HTTP/1.1" 200 2391
INFO 2025-12-29 16:48:51,907 log 959 135836226012864 "GET /static/vendor/fontawesome-free/webfonts/fa-regular-400.woff2 HTTP/1.1" 200 25392
INFO 2025-12-29 16:48:54,635 log 959 135836234405568 "GET /admin/sales/sale/ HTTP/1.1" 200 33555
INFO 2025-12-29 16:48:54,656 log 959 135836234405568 "GET /static/vendor/select2/css/select2.min.css HTTP/1.1" 200 16264
INFO 2025-12-29 16:48:54,657 log 959 135836217620160 "GET /static/admin/js/actions.js HTTP/1.1" 200 8076
INFO 2025-12-29 16:48:54,657 log 959 135836226012864 "GET /static/admin/js/jquery.init.js HTTP/1.1" 200 347
INFO 2025-12-29 16:48:54,658 log 959 135836244895424 "GET /static/admin/js/admin/RelatedObjectLookups.js HTTP/1.1" 200 9777
INFO 2025-12-29 16:48:54,658 log 959 135836253288128 "GET /static/admin/js/core.js HTTP/1.1" 200 6208
INFO 2025-12-29 16:48:54,663 log 959 135836209227456 "GET /static/admin/js/urlify.js HTTP/1.1" 200 7887
INFO 2025-12-29 16:48:54,666 log 959 135836226012864 "GET /static/admin/js/prepopulate.js HTTP/1.1" 200 1531
INFO 2025-12-29 16:48:54,670 log 959 135836209227456 "GET /static/jazzmin/js/change_list.js HTTP/1.1" 200 2252
INFO 2025-12-29 16:48:54,671 log 959 135836253288128 "GET /static/vendor/select2/js/select2.min.js HTTP/1.1" 200 73170
INFO 2025-12-29 16:48:54,674 log 959 135836217620160 "GET /static/admin/js/vendor/xregexp/xregexp.js HTTP/1.1" 200 325171
INFO 2025-12-29 16:48:54,686 log 959 135836244895424 "GET /admin/jsi18n/ HTTP/1.1" 200 16820
INFO 2025-12-29 16:50:20,955 log 959 135836244895424 "GET /admin/sales/saleitem/ HTTP/1.1" 200 41233
INFO 2025-12-29 16:50:20,990 log 959 135836244895424 "GET /admin/jsi18n/ HTTP/1.1" 200 16820
INFO 2025-12-29 16:50:24,946 log 959 135836244895424 "GET /admin/sales/saleitem/add/ HTTP/1.1" 200 39178
INFO 2025-12-29 16:50:24,966 log 959 135836209227456 "GET /static/admin/js/prepopulate_init.js HTTP/1.1" 200 586
INFO 2025-12-29 16:50:24,967 log 959 135836253288128 "GET /static/admin/js/change_form.js HTTP/1.1" 200 606
INFO 2025-12-29 16:50:24,968 log 959 135836217620160 "GET /static/admin/img/icon-changelink.svg HTTP/1.1" 200 978
INFO 2025-12-29 16:50:24,971 log 959 135836253288128 "GET /static/jazzmin/js/change_form.js HTTP/1.1" 200 6052
INFO 2025-12-29 16:50:24,984 log 959 135836244895424 "GET /admin/jsi18n/ HTTP/1.1" 200 16820
INFO 2025-12-29 16:50:25,040 log 959 135836244895424 "GET /static/admin/img/icon-addlink.svg HTTP/1.1" 200 593
INFO 2025-12-29 16:50:25,040 log 959 135836253288128 "GET /static/admin/img/icon-viewlink.svg HTTP/1.1" 200 928
INFO 2025-12-29 16:50:25,045 log 959 135836217620160 "GET /static/admin/img/icon-deletelink.svg HTTP/1.1" 200 689
INFO 2025-12-29 16:50:40,114 log 959 135836244895424 "GET /admin/sales/expense/ HTTP/1.1" 200 21445
INFO 2025-12-29 16:50:40,148 log 959 135836244895424 "GET /admin/jsi18n/ HTTP/1.1" 200 16820
INFO 2025-12-29 21:00:04,584 autoreload 933 124614631604352 Watching for file changes with StatReloader
INFO 2025-12-29 21:00:13,116 log 933 124614504113856 "GET / HTTP/1.1" 200 6436
INFO 2025-12-29 21:00:15,534 log 933 124614504113856 "GET /admin/ HTTP/1.1" 200 45508
INFO 2025-12-29 21:00:15,552 log 933 124614504113856 "GET /static/vendor/fontawesome-free/css/all.min.css HTTP/1.1" 304 0
INFO 2025-12-29 21:00:15,553 log 933 124614495721152 "GET /static/vendor/adminlte/css/adminlte.min.css HTTP/1.1" 304 0
INFO 2025-12-29 21:00:15,555 log 933 124614485231296 "GET /static/jazzmin/css/main.css HTTP/1.1" 304 0
INFO 2025-12-29 21:00:15,558 log 933 124614476838592 "GET /static/admin/js/vendor/jquery/jquery.js HTTP/1.1" 304 0
INFO 2025-12-29 21:00:15,558 log 933 124614485231296 "GET /static/vendor/adminlte/js/adminlte.min.js HTTP/1.1" 304 0
INFO 2025-12-29 21:00:15,558 log 933 124614460053184 "GET /static/vendor/bootstrap/js/bootstrap.min.js HTTP/1.1" 304 0
INFO 2025-12-29 21:00:15,558 log 933 124614468445888 "GET /static/vendor/adminlte/img/AdminLTELogo.png HTTP/1.1" 304 0
INFO 2025-12-29 21:00:15,562 log 933 124614460053184 "GET /static/jazzmin/js/main.js HTTP/1.1" 304 0
INFO 2025-12-29 21:00:15,665 log 933 124614485231296 "GET /static/vendor/fontawesome-free/webfonts/fa-regular-400.woff2 HTTP/1.1" 304 0
INFO 2025-12-29 21:00:15,665 log 933 124614460053184 "GET /static/vendor/fontawesome-free/webfonts/fa-solid-900.woff2 HTTP/1.1" 304 0
INFO 2025-12-29 21:00:17,273 log 933 124614460053184 "GET /admin/sales/saleitem/ HTTP/1.1" 200 41233
INFO 2025-12-29 21:00:17,294 log 933 124614460053184 "GET /static/vendor/select2/css/select2.min.css HTTP/1.1" 304 0
INFO 2025-12-29 21:00:17,296 log 933 124614495721152 "GET /static/admin/js/actions.js HTTP/1.1" 304 0
INFO 2025-12-29 21:00:17,296 log 933 124614476838592 "GET /static/admin/js/admin/RelatedObjectLookups.js HTTP/1.1" 304 0
INFO 2025-12-29 21:00:17,296 log 933 124614485231296 "GET /static/admin/js/core.js HTTP/1.1" 304 0
INFO 2025-12-29 21:00:17,296 log 933 124614468445888 "GET /static/admin/js/jquery.init.js HTTP/1.1" 304 0
INFO 2025-12-29 21:00:17,300 log 933 124614495721152 "GET /static/admin/js/vendor/xregexp/xregexp.js HTTP/1.1" 304 0
INFO 2025-12-29 21:00:17,300 log 933 124614476838592 "GET /static/admin/js/prepopulate.js HTTP/1.1" 304 0
INFO 2025-12-29 21:00:17,302 log 933 124614485231296 "GET /static/admin/js/urlify.js HTTP/1.1" 304 0
INFO 2025-12-29 21:00:17,302 log 933 124614468445888 "GET /static/vendor/select2/js/select2.min.js HTTP/1.1" 304 0
INFO 2025-12-29 21:00:17,327 log 933 124614504113856 "GET /admin/jsi18n/ HTTP/1.1" 200 16820
INFO 2025-12-29 21:00:17,367 log 933 124614504113856 "GET /static/jazzmin/js/change_list.js HTTP/1.1" 304 0
INFO 2025-12-31 13:58:09,582 autoreload 1265 134905758224512 Watching for file changes with StatReloader
INFO 2025-12-31 13:58:25,196 autoreload 1348 125093140316288 Watching for file changes with StatReloader
INFO 2025-12-31 13:58:33,252 log 1348 125093080020672 "GET / HTTP/1.1" 200 6436
INFO 2025-12-31 13:58:34,343 log 1348 125093080020672 "GET /admin/ HTTP/1.1" 302 0
INFO 2025-12-31 13:58:34,358 log 1348 125093080020672 "GET /admin/login/?next=/admin/ HTTP/1.1" 200 3160
INFO 2025-12-31 13:58:34,462 log 1348 125092976641728 "GET /static/vendor/adminlte/img/AdminLTELogo.png HTTP/1.1" 200 2637
INFO 2025-12-31 13:58:34,466 log 1348 125092993427136 "GET /static/jazzmin/css/main.css HTTP/1.1" 200 16969
INFO 2025-12-31 13:58:34,469 log 1348 125092968249024 "GET /static/vendor/bootstrap/js/bootstrap.min.js HTTP/1.1" 200 62440
INFO 2025-12-31 13:58:34,472 log 1348 125092976641728 "GET /static/vendor/adminlte/js/adminlte.min.js HTTP/1.1" 200 44244
INFO 2025-12-31 13:58:34,472 log 1348 125093080020672 "GET /static/vendor/fontawesome-free/css/all.min.css HTTP/1.1" 200 103009
INFO 2025-12-31 13:58:34,488 log 1348 125092985034432 "GET /static/admin/js/vendor/jquery/jquery.js HTTP/1.1" 200 285314
INFO 2025-12-31 13:58:34,506 log 1348 125093002868416 "GET /static/vendor/adminlte/css/adminlte.min.css HTTP/1.1" 200 1382975
INFO 2025-12-31 13:58:34,627 log 1348 125093002868416 "GET /static/vendor/fontawesome-free/webfonts/fa-solid-900.woff2 HTTP/1.1" 200 156400
INFO 2025-12-31 13:58:38,213 log 1348 125093002868416 "POST /admin/login/?next=/admin/ HTTP/1.1" 302 0
INFO 2025-12-31 13:58:38,262 log 1348 125093002868416 "GET /admin/ HTTP/1.1" 200 45505
INFO 2025-12-31 13:58:38,331 log 1348 125093002868416 "GET /static/jazzmin/js/main.js HTTP/1.1" 200 2391
INFO 2025-12-31 13:58:38,361 log 1348 125092976641728 "GET /static/vendor/fontawesome-free/webfonts/fa-regular-400.woff2 HTTP/1.1" 200 25392
INFO 2025-12-31 13:58:42,361 log 1348 125093002868416 "GET /admin/sales/saleitem/ HTTP/1.1" 200 35653
INFO 2025-12-31 13:58:42,393 log 1348 125093080020672 "GET /static/admin/js/jquery.init.js HTTP/1.1" 200 347
INFO 2025-12-31 13:58:42,397 log 1348 125093002868416 "GET /static/vendor/select2/css/select2.min.css HTTP/1.1" 200 16264
INFO 2025-12-31 13:58:42,397 log 1348 125092985034432 "GET /static/admin/js/core.js HTTP/1.1" 200 6208
INFO 2025-12-31 13:58:42,397 log 1348 125092993427136 "GET /static/admin/js/actions.js HTTP/1.1" 200 8076
INFO 2025-12-31 13:58:42,398 log 1348 125092968249024 "GET /static/admin/js/admin/RelatedObjectLookups.js HTTP/1.1" 200 9777
INFO 2025-12-31 13:58:42,403 log 1348 125093080020672 "GET /static/admin/js/urlify.js HTTP/1.1" 200 7887
INFO 2025-12-31 13:58:42,406 log 1348 125092985034432 "GET /static/admin/js/prepopulate.js HTTP/1.1" 200 1531
INFO 2025-12-31 13:58:42,408 log 1348 125092968249024 "GET /static/vendor/select2/js/select2.min.js HTTP/1.1" 200 73170
INFO 2025-12-31 13:58:42,411 log 1348 125092993427136 "GET /static/admin/js/vendor/xregexp/xregexp.js HTTP/1.1" 200 325171
INFO 2025-12-31 13:58:42,438 log 1348 125092976641728 "GET /admin/jsi18n/ HTTP/1.1" 200 16820
INFO 2025-12-31 13:58:42,471 log 1348 125093080020672 "GET /static/jazzmin/js/change_list.js HTTP/1.1" 200 2252
INFO 2025-12-31 13:58:44,814 log 1348 125093080020672 "GET /admin/sales/saleitem/add/ HTTP/1.1" 200 39178
INFO 2025-12-31 13:58:44,833 log 1348 125093080020672 "GET /static/admin/img/icon-changelink.svg HTTP/1.1" 200 978
INFO 2025-12-31 13:58:44,834 log 1348 125092976641728 "GET /static/admin/js/prepopulate_init.js HTTP/1.1" 200 586
INFO 2025-12-31 13:58:44,834 log 1348 125093002868416 "GET /static/admin/js/change_form.js HTTP/1.1" 200 606
INFO 2025-12-31 13:58:44,838 log 1348 125093002868416 "GET /static/jazzmin/js/change_form.js HTTP/1.1" 200 6052
INFO 2025-12-31 13:58:44,850 log 1348 125092985034432 "GET /admin/jsi18n/ HTTP/1.1" 200 16820
INFO 2025-12-31 13:58:44,863 log 1348 125092985034432 "GET /static/admin/img/icon-addlink.svg HTTP/1.1" 200 593
INFO 2025-12-31 13:58:44,863 log 1348 125092976641728 "GET /static/admin/img/icon-viewlink.svg HTTP/1.1" 200 928
INFO 2025-12-31 13:58:44,863 log 1348 125092993427136 "GET /static/admin/img/icon-deletelink.svg HTTP/1.1" 200 689
INFO 2025-12-31 13:58:50,672 log 1348 125092985034432 "GET /admin/sales/saleitem/ HTTP/1.1" 200 35653
INFO 2025-12-31 13:59:11,265 log 1348 125092985034432 "GET / HTTP/1.1" 200 6436
WARNING 2025-12-31 13:59:11,578 log 1348 125092985034432 Not Found: /favicon.ico
WARNING 2025-12-31 13:59:11,578 log 1348 125092985034432 "GET /favicon.ico HTTP/1.1" 404 2907
INFO 2025-12-31 14:00:44,265 autoreload 1348 125093140316288 /home/aman/noa_beuty/sales/views.py changed, reloading.
INFO 2025-12-31 14:00:44,684 autoreload 1683 134280010506368 Watching for file changes with StatReloader
INFO 2025-12-31 14:00:50,814 autoreload 1683 134280010506368 /home/aman/noa_beuty/sales/urls.py changed, reloading.
INFO 2025-12-31 14:00:51,118 autoreload 1719 140018237186176 Watching for file changes with StatReloader
INFO 2025-12-31 14:01:06,450 autoreload 1719 140018237186176 /home/aman/noa_beuty/sales/views.py changed, reloading.
INFO 2025-12-31 14:01:06,694 autoreload 1782 136976780419200 Watching for file changes with StatReloader
INFO 2025-12-31 14:01:23,854 autoreload 1782 136976780419200 /home/aman/noa_beuty/sales/urls.py changed, reloading.
INFO 2025-12-31 14:01:24,138 autoreload 1850 134114608742528 Watching for file changes with StatReloader
INFO 2025-12-31 14:01:39,477 autoreload 1850 134114608742528 /home/aman/noa_beuty/sales/views.py changed, reloading.
INFO 2025-12-31 14:01:39,738 autoreload 1897 133748460265600 Watching for file changes with StatReloader
INFO 2025-12-31 14:02:17,210 autoreload 1897 133748460265600 /home/aman/noa_beuty/sales/views.py changed, reloading.
INFO 2025-12-31 14:02:17,502 autoreload 1948 124005545869440 Watching for file changes with StatReloader
INFO 2025-12-31 14:03:13,767 autoreload 2035 134328662655104 Watching for file changes with StatReloader
INFO 2025-12-31 14:04:06,530 autoreload 2035 134328662655104 /home/aman/noa_beuty/sales/urls.py changed, reloading.
INFO 2025-12-31 14:04:07,051 autoreload 2142 129533864341632 Watching for file changes with StatReloader
INFO 2025-12-31 14:04:08,277 autoreload 2142 129533864341632 /home/aman/noa_beuty/sales/views.py changed, reloading.
INFO 2025-12-31 14:04:08,561 autoreload 2158 136209761575040 Watching for file changes with StatReloader
INFO 2025-12-31 14:04:09,724 autoreload 2158 136209761575040 /home/aman/noa_beuty/sales/views.py changed, reloading.
INFO 2025-12-31 14:04:09,981 autoreload 2166 136010285301888 Watching for file changes with StatReloader
INFO 2025-12-31 14:04:11,599 log 2166 136010224973504 "GET / HTTP/1.1" 200 6436
INFO 2025-12-31 14:04:11,954 log 2166 136010224973504 "GET / HTTP/1.1" 200 6436
INFO 2025-12-31 14:04:12,164 log 2166 136010224973504 "GET / HTTP/1.1" 200 6436
WARNING 2025-12-31 14:04:20,038 log 2166 136010224973504 Not Found: /adm/
WARNING 2025-12-31 14:04:20,038 log 2166 136010224973504 "GET /adm/ HTTP/1.1" 404 2886
WARNING 2025-12-31 14:04:28,692 log 2166 136010224973504 Not Found: /sales/
WARNING 2025-12-31 14:04:28,692 log 2166 136010224973504 "GET /sales/ HTTP/1.1" 404 4635
INFO 2025-12-31 14:04:39,556 log 2166 136010224973504 "GET /sales/positions/ HTTP/1.1" 200 4780
INFO 2025-12-31 14:06:45,206 log 2166 136010224973504 "GET / HTTP/1.1" 200 7215
INFO 2025-12-31 14:06:46,441 log 2166 136010224973504 "GET / HTTP/1.1" 200 7215
INFO 2025-12-31 14:06:47,441 log 2166 136010224973504 "GET /sales/positions/ HTTP/1.1" 200 12500
INFO 2025-12-31 14:21:27,809 autoreload 2815 125543648010368 Watching for file changes with StatReloader
INFO 2025-12-31 14:21:40,015 log 2815 125543587538624 "GET / HTTP/1.1" 200 7215
WARNING 2025-12-31 14:21:40,195 log 2815 125543587538624 Not Found: /favicon.ico
WARNING 2025-12-31 14:21:40,195 log 2815 125543587538624 "GET /favicon.ico HTTP/1.1" 404 2907
INFO 2025-12-31 14:21:42,489 log 2815 125543504672448 "GET /sales/positions/ HTTP/1.1" 200 13240
INFO 2025-12-31 18:32:08,970 autoreload 840 124159542771840 Watching for file changes with StatReloader
INFO 2025-12-31 18:32:10,303 log 840 124159482476224 "GET / HTTP/1.1" 200 7215
WARNING 2025-12-31 18:32:10,644 log 840 124159482476224 Not Found: /favicon.ico
WARNING 2025-12-31 18:32:10,644 log 840 124159482476224 "GET /favicon.ico HTTP/1.1" 404 2907
INFO 2025-12-31 18:32:11,750 log 840 124159482476224 "GET /sales/positions/ HTTP/1.1" 200 13761
INFO 2025-12-31 18:32:14,658 log 840 124159482476224 "GET / HTTP/1.1" 200 7215
